<?xml version="1.0" encoding="utf-8"?>
<shfbBuild product="Sandcastle Help File Builder" version="1.9.7.0" projectFile="E:\parlakov\Polonium.git\trunk\MinesweeperHelp.shfbproj" started="16.5.2013 г. 19:38 ч.">
<buildStep step="Initializing">
Finding tools...
Found Sandcastle tools in &#39;C:\Program Files\Sandcastle\&#39;
</buildStep>
<buildStep step="ValidatingDocumentationSources">
Validating and copying documentation source information
Source: E:\parlakov\Polonium.git\trunk\Minesweeper4 Final commit\Minesweeper\bin\Debug\Minesweeper.exe
    Found assembly &#39;E:\parlakov\Polonium.git\trunk\Minesweeper4 Final commit\Minesweeper\bin\Debug\Minesweeper.exe&#39;
Source: E:\parlakov\Polonium.git\trunk\Minesweeper4 Final commit\Minesweeper\bin\Debug\Minesweeper.XML

Copying XML comments files
    E:\parlakov\Polonium.git\trunk\Minesweeper4 Final commit\Minesweeper\bin\Debug\Minesweeper.XML -&gt; E:\parlakov\Polonium.git\trunk\Help\Working\Minesweeper.XML
</buildStep>
<buildStep step="GenerateSharedContent">
Generating shared content files (en-US, English (United States))...
    Last step completed in 00:00:00.0000
</buildStep>
<buildStep step="GenerateApiFilter">
Generating API filter for MRefBuilder...
    Last step completed in 00:00:00.0000
</buildStep>
<buildStep step="GenerateReflectionInfo">
Generating reflection information...
[C:\Windows\Microsoft.NET\Framework\v4.0.30319\MSBuild.exe]
  MRefBuilder (v2.7.3.0)
  Copyright c 2006-2013, Microsoft Corporation, All Rights Reserved.
  Portions Copyright c 2006-2013, Eric Woodruff, All Rights Reserved.
  Info: Loaded 1 assemblies for reflection and 1 dependency assemblies.
  Info: Wrote information on 1 namespaces, 2 types, and 5 members
  XslTransform (v2.7.3.0)
  Copyright c 2006-2013, Microsoft Corporation, All Rights Reserved.
  Portions Copyright c 2006-2013, Eric Woodruff, All Rights Reserved.
  Info: Applying XSL transformation &#39;C:\Program Files\Sandcastle\ProductionTransforms\MergeDuplicates.xsl&#39;.
    Last step completed in 00:00:01.0452
</buildStep>
<buildStep step="GenerateNamespaceSummaries">
Generating namespace summary information...
    Last step completed in 00:00:00.0000
</buildStep>
<buildStep step="ApplyVisibilityProperties">
Applying visibility properties to reflection information file
    0 attribute nodes removed
    0 explicit interface implementations removed
    0 local and base class EII elements removed
    Last step completed in 00:00:00.0156
</buildStep>
<buildStep step="TransformReflectionInfo">
Transforming reflection output...
[C:\Windows\Microsoft.NET\Framework\v4.0.30319\MSBuild.exe]
  XslTransform (v2.7.3.0)
  Copyright c 2006-2013, Microsoft Corporation, All Rights Reserved.
  Portions Copyright c 2006-2013, Eric Woodruff, All Rights Reserved.
  Info: Applying XSL transformation &#39;C:\Program Files\Sandcastle\\ProductionTransforms\ApplyVSDocModel.xsl&#39;.
  Info: Applying XSL transformation &#39;C:\Program Files\Sandcastle\ProductionTransforms\AddGuidFilenames.xsl&#39;.
  XslTransform (v2.7.3.0)
  Copyright c 2006-2013, Microsoft Corporation, All Rights Reserved.
  Portions Copyright c 2006-2013, Eric Woodruff, All Rights Reserved.
  Info: Applying XSL transformation &#39;C:\Program Files\Sandcastle\ProductionTransforms\ReflectionToManifest.xsl&#39;.
    Last step completed in 00:00:00.9588
</buildStep>
<buildStep step="ModifyHelpTopicFilenames">
Modifying help topic filenames in reflection information file
    No changes required
    Last step completed in 00:00:00.0040
</buildStep>
<buildStep step="CopyStandardContent">
Copying standard help content...
C:\Program Files\Sandcastle\\Presentation\VS2005\icons\adm.gif -&gt; E:\parlakov\Polonium.git\trunk\Help\Working\Output\Website\icons\adm.gif
C:\Program Files\Sandcastle\\Presentation\VS2005\icons\adm_arch.gif -&gt; E:\parlakov\Polonium.git\trunk\Help\Working\Output\Website\icons\adm_arch.gif
C:\Program Files\Sandcastle\\Presentation\VS2005\icons\adm_dev.gif -&gt; E:\parlakov\Polonium.git\trunk\Help\Working\Output\Website\icons\adm_dev.gif
C:\Program Files\Sandcastle\\Presentation\VS2005\icons\adm_dev_arch.gif -&gt; E:\parlakov\Polonium.git\trunk\Help\Working\Output\Website\icons\adm_dev_arch.gif
C:\Program Files\Sandcastle\\Presentation\VS2005\icons\alert_caution.gif -&gt; E:\parlakov\Polonium.git\trunk\Help\Working\Output\Website\icons\alert_caution.gif
C:\Program Files\Sandcastle\\Presentation\VS2005\icons\alert_note.gif -&gt; E:\parlakov\Polonium.git\trunk\Help\Working\Output\Website\icons\alert_note.gif
C:\Program Files\Sandcastle\\Presentation\VS2005\icons\alert_security.gif -&gt; E:\parlakov\Polonium.git\trunk\Help\Working\Output\Website\icons\alert_security.gif
C:\Program Files\Sandcastle\\Presentation\VS2005\icons\arch.gif -&gt; E:\parlakov\Polonium.git\trunk\Help\Working\Output\Website\icons\arch.gif
C:\Program Files\Sandcastle\\Presentation\VS2005\icons\big_adm.gif -&gt; E:\parlakov\Polonium.git\trunk\Help\Working\Output\Website\icons\big_adm.gif
C:\Program Files\Sandcastle\\Presentation\VS2005\icons\big_arch.gif -&gt; E:\parlakov\Polonium.git\trunk\Help\Working\Output\Website\icons\big_arch.gif
C:\Program Files\Sandcastle\\Presentation\VS2005\icons\big_dev.gif -&gt; E:\parlakov\Polonium.git\trunk\Help\Working\Output\Website\icons\big_dev.gif
C:\Program Files\Sandcastle\\Presentation\VS2005\icons\big_kw.gif -&gt; E:\parlakov\Polonium.git\trunk\Help\Working\Output\Website\icons\big_kw.gif
C:\Program Files\Sandcastle\\Presentation\VS2005\icons\box.gif -&gt; E:\parlakov\Polonium.git\trunk\Help\Working\Output\Website\icons\box.gif
C:\Program Files\Sandcastle\\Presentation\VS2005\icons\Caution.gif -&gt; E:\parlakov\Polonium.git\trunk\Help\Working\Output\Website\icons\Caution.gif
C:\Program Files\Sandcastle\\Presentation\VS2005\icons\CFW.gif -&gt; E:\parlakov\Polonium.git\trunk\Help\Working\Output\Website\icons\CFW.gif
C:\Program Files\Sandcastle\\Presentation\VS2005\icons\collall.gif -&gt; E:\parlakov\Polonium.git\trunk\Help\Working\Output\Website\icons\collall.gif
C:\Program Files\Sandcastle\\Presentation\VS2005\icons\collapse.gif -&gt; E:\parlakov\Polonium.git\trunk\Help\Working\Output\Website\icons\collapse.gif
C:\Program Files\Sandcastle\\Presentation\VS2005\icons\collapse_all.gif -&gt; E:\parlakov\Polonium.git\trunk\Help\Working\Output\Website\icons\collapse_all.gif
C:\Program Files\Sandcastle\\Presentation\VS2005\icons\copycode.gif -&gt; E:\parlakov\Polonium.git\trunk\Help\Working\Output\Website\icons\copycode.gif
C:\Program Files\Sandcastle\\Presentation\VS2005\icons\copycodeHighlight.gif -&gt; E:\parlakov\Polonium.git\trunk\Help\Working\Output\Website\icons\copycodeHighlight.gif
C:\Program Files\Sandcastle\\Presentation\VS2005\icons\dev.gif -&gt; E:\parlakov\Polonium.git\trunk\Help\Working\Output\Website\icons\dev.gif
C:\Program Files\Sandcastle\\Presentation\VS2005\icons\dev_arch.gif -&gt; E:\parlakov\Polonium.git\trunk\Help\Working\Output\Website\icons\dev_arch.gif
C:\Program Files\Sandcastle\\Presentation\VS2005\icons\dropdown.gif -&gt; E:\parlakov\Polonium.git\trunk\Help\Working\Output\Website\icons\dropdown.gif
C:\Program Files\Sandcastle\\Presentation\VS2005\icons\dropdownHover.gif -&gt; E:\parlakov\Polonium.git\trunk\Help\Working\Output\Website\icons\dropdownHover.gif
C:\Program Files\Sandcastle\\Presentation\VS2005\icons\drpdown.gif -&gt; E:\parlakov\Polonium.git\trunk\Help\Working\Output\Website\icons\drpdown.gif
C:\Program Files\Sandcastle\\Presentation\VS2005\icons\drpdown_orange.gif -&gt; E:\parlakov\Polonium.git\trunk\Help\Working\Output\Website\icons\drpdown_orange.gif
C:\Program Files\Sandcastle\\Presentation\VS2005\icons\drpdown_orange_up.gif -&gt; E:\parlakov\Polonium.git\trunk\Help\Working\Output\Website\icons\drpdown_orange_up.gif
C:\Program Files\Sandcastle\\Presentation\VS2005\icons\drpup.gif -&gt; E:\parlakov\Polonium.git\trunk\Help\Working\Output\Website\icons\drpup.gif
C:\Program Files\Sandcastle\\Presentation\VS2005\icons\exp.gif -&gt; E:\parlakov\Polonium.git\trunk\Help\Working\Output\Website\icons\exp.gif
C:\Program Files\Sandcastle\\Presentation\VS2005\icons\expall.gif -&gt; E:\parlakov\Polonium.git\trunk\Help\Working\Output\Website\icons\expall.gif
C:\Program Files\Sandcastle\\Presentation\VS2005\icons\expand_all.gif -&gt; E:\parlakov\Polonium.git\trunk\Help\Working\Output\Website\icons\expand_all.gif
C:\Program Files\Sandcastle\\Presentation\VS2005\icons\filter1a.gif -&gt; E:\parlakov\Polonium.git\trunk\Help\Working\Output\Website\icons\filter1a.gif
C:\Program Files\Sandcastle\\Presentation\VS2005\icons\filter1c.gif -&gt; E:\parlakov\Polonium.git\trunk\Help\Working\Output\Website\icons\filter1c.gif
C:\Program Files\Sandcastle\\Presentation\VS2005\icons\footer.gif -&gt; E:\parlakov\Polonium.git\trunk\Help\Working\Output\Website\icons\footer.gif
C:\Program Files\Sandcastle\\Presentation\VS2005\icons\gradient.gif -&gt; E:\parlakov\Polonium.git\trunk\Help\Working\Output\Website\icons\gradient.gif
C:\Program Files\Sandcastle\\Presentation\VS2005\icons\greencheck.gif -&gt; E:\parlakov\Polonium.git\trunk\Help\Working\Output\Website\icons\greencheck.gif
C:\Program Files\Sandcastle\\Presentation\VS2005\icons\greychck.gif -&gt; E:\parlakov\Polonium.git\trunk\Help\Working\Output\Website\icons\greychck.gif
C:\Program Files\Sandcastle\\Presentation\VS2005\icons\header_prev_next.jpg -&gt; E:\parlakov\Polonium.git\trunk\Help\Working\Output\Website\icons\header_prev_next.jpg
C:\Program Files\Sandcastle\\Presentation\VS2005\icons\header_sql_tutorial_blank.jpg -&gt; E:\parlakov\Polonium.git\trunk\Help\Working\Output\Website\icons\header_sql_tutorial_blank.jpg
C:\Program Files\Sandcastle\\Presentation\VS2005\icons\header_sql_tutorial_logo.GIF -&gt; E:\parlakov\Polonium.git\trunk\Help\Working\Output\Website\icons\header_sql_tutorial_logo.GIF
C:\Program Files\Sandcastle\\Presentation\VS2005\icons\kw.gif -&gt; E:\parlakov\Polonium.git\trunk\Help\Working\Output\Website\icons\kw.gif
C:\Program Files\Sandcastle\\Presentation\VS2005\icons\kw_adm.gif -&gt; E:\parlakov\Polonium.git\trunk\Help\Working\Output\Website\icons\kw_adm.gif
C:\Program Files\Sandcastle\\Presentation\VS2005\icons\kw_adm_arch.gif -&gt; E:\parlakov\Polonium.git\trunk\Help\Working\Output\Website\icons\kw_adm_arch.gif
C:\Program Files\Sandcastle\\Presentation\VS2005\icons\kw_adm_dev.gif -&gt; E:\parlakov\Polonium.git\trunk\Help\Working\Output\Website\icons\kw_adm_dev.gif
C:\Program Files\Sandcastle\\Presentation\VS2005\icons\kw_adm_dev_arch.gif -&gt; E:\parlakov\Polonium.git\trunk\Help\Working\Output\Website\icons\kw_adm_dev_arch.gif
C:\Program Files\Sandcastle\\Presentation\VS2005\icons\kw_arch.gif -&gt; E:\parlakov\Polonium.git\trunk\Help\Working\Output\Website\icons\kw_arch.gif
C:\Program Files\Sandcastle\\Presentation\VS2005\icons\kw_dev.gif -&gt; E:\parlakov\Polonium.git\trunk\Help\Working\Output\Website\icons\kw_dev.gif
C:\Program Files\Sandcastle\\Presentation\VS2005\icons\kw_dev_arch.gif -&gt; E:\parlakov\Polonium.git\trunk\Help\Working\Output\Website\icons\kw_dev_arch.gif
C:\Program Files\Sandcastle\\Presentation\VS2005\icons\LastChild.gif -&gt; E:\parlakov\Polonium.git\trunk\Help\Working\Output\Website\icons\LastChild.gif
C:\Program Files\Sandcastle\\Presentation\VS2005\icons\load.gif -&gt; E:\parlakov\Polonium.git\trunk\Help\Working\Output\Website\icons\load.gif
C:\Program Files\Sandcastle\\Presentation\VS2005\icons\load_hover.gif -&gt; E:\parlakov\Polonium.git\trunk\Help\Working\Output\Website\icons\load_hover.gif
C:\Program Files\Sandcastle\\Presentation\VS2005\icons\note.gif -&gt; E:\parlakov\Polonium.git\trunk\Help\Working\Output\Website\icons\note.gif
C:\Program Files\Sandcastle\\Presentation\VS2005\icons\pencil.GIF -&gt; E:\parlakov\Polonium.git\trunk\Help\Working\Output\Website\icons\pencil.GIF
C:\Program Files\Sandcastle\\Presentation\VS2005\icons\privclass.gif -&gt; E:\parlakov\Polonium.git\trunk\Help\Working\Output\Website\icons\privclass.gif
C:\Program Files\Sandcastle\\Presentation\VS2005\icons\privdelegate.gif -&gt; E:\parlakov\Polonium.git\trunk\Help\Working\Output\Website\icons\privdelegate.gif
C:\Program Files\Sandcastle\\Presentation\VS2005\icons\privenum.gif -&gt; E:\parlakov\Polonium.git\trunk\Help\Working\Output\Website\icons\privenum.gif
C:\Program Files\Sandcastle\\Presentation\VS2005\icons\privenumeration.gif -&gt; E:\parlakov\Polonium.git\trunk\Help\Working\Output\Website\icons\privenumeration.gif
C:\Program Files\Sandcastle\\Presentation\VS2005\icons\privevent.gif -&gt; E:\parlakov\Polonium.git\trunk\Help\Working\Output\Website\icons\privevent.gif
C:\Program Files\Sandcastle\\Presentation\VS2005\icons\privextension.gif -&gt; E:\parlakov\Polonium.git\trunk\Help\Working\Output\Website\icons\privextension.gif
C:\Program Files\Sandcastle\\Presentation\VS2005\icons\privfield.gif -&gt; E:\parlakov\Polonium.git\trunk\Help\Working\Output\Website\icons\privfield.gif
C:\Program Files\Sandcastle\\Presentation\VS2005\icons\privinterface.gif -&gt; E:\parlakov\Polonium.git\trunk\Help\Working\Output\Website\icons\privinterface.gif
C:\Program Files\Sandcastle\\Presentation\VS2005\icons\privmethod.gif -&gt; E:\parlakov\Polonium.git\trunk\Help\Working\Output\Website\icons\privmethod.gif
C:\Program Files\Sandcastle\\Presentation\VS2005\icons\privproperty.gif -&gt; E:\parlakov\Polonium.git\trunk\Help\Working\Output\Website\icons\privproperty.gif
C:\Program Files\Sandcastle\\Presentation\VS2005\icons\privstructure.gif -&gt; E:\parlakov\Polonium.git\trunk\Help\Working\Output\Website\icons\privstructure.gif
C:\Program Files\Sandcastle\\Presentation\VS2005\icons\protclass.gif -&gt; E:\parlakov\Polonium.git\trunk\Help\Working\Output\Website\icons\protclass.gif
C:\Program Files\Sandcastle\\Presentation\VS2005\icons\protdelegate.gif -&gt; E:\parlakov\Polonium.git\trunk\Help\Working\Output\Website\icons\protdelegate.gif
C:\Program Files\Sandcastle\\Presentation\VS2005\icons\protenum.gif -&gt; E:\parlakov\Polonium.git\trunk\Help\Working\Output\Website\icons\protenum.gif
C:\Program Files\Sandcastle\\Presentation\VS2005\icons\protenumeration.gif -&gt; E:\parlakov\Polonium.git\trunk\Help\Working\Output\Website\icons\protenumeration.gif
C:\Program Files\Sandcastle\\Presentation\VS2005\icons\protevent.gif -&gt; E:\parlakov\Polonium.git\trunk\Help\Working\Output\Website\icons\protevent.gif
C:\Program Files\Sandcastle\\Presentation\VS2005\icons\protextension.gif -&gt; E:\parlakov\Polonium.git\trunk\Help\Working\Output\Website\icons\protextension.gif
C:\Program Files\Sandcastle\\Presentation\VS2005\icons\protfield.gif -&gt; E:\parlakov\Polonium.git\trunk\Help\Working\Output\Website\icons\protfield.gif
C:\Program Files\Sandcastle\\Presentation\VS2005\icons\protinterface.gif -&gt; E:\parlakov\Polonium.git\trunk\Help\Working\Output\Website\icons\protinterface.gif
C:\Program Files\Sandcastle\\Presentation\VS2005\icons\protmethod.gif -&gt; E:\parlakov\Polonium.git\trunk\Help\Working\Output\Website\icons\protmethod.gif
C:\Program Files\Sandcastle\\Presentation\VS2005\icons\protoperator.gif -&gt; E:\parlakov\Polonium.git\trunk\Help\Working\Output\Website\icons\protoperator.gif
C:\Program Files\Sandcastle\\Presentation\VS2005\icons\protproperty.gif -&gt; E:\parlakov\Polonium.git\trunk\Help\Working\Output\Website\icons\protproperty.gif
C:\Program Files\Sandcastle\\Presentation\VS2005\icons\protstructure.gif -&gt; E:\parlakov\Polonium.git\trunk\Help\Working\Output\Website\icons\protstructure.gif
C:\Program Files\Sandcastle\\Presentation\VS2005\icons\pubclass.gif -&gt; E:\parlakov\Polonium.git\trunk\Help\Working\Output\Website\icons\pubclass.gif
C:\Program Files\Sandcastle\\Presentation\VS2005\icons\pubdelegate.gif -&gt; E:\parlakov\Polonium.git\trunk\Help\Working\Output\Website\icons\pubdelegate.gif
C:\Program Files\Sandcastle\\Presentation\VS2005\icons\pubenum.gif -&gt; E:\parlakov\Polonium.git\trunk\Help\Working\Output\Website\icons\pubenum.gif
C:\Program Files\Sandcastle\\Presentation\VS2005\icons\pubenumeration.gif -&gt; E:\parlakov\Polonium.git\trunk\Help\Working\Output\Website\icons\pubenumeration.gif
C:\Program Files\Sandcastle\\Presentation\VS2005\icons\pubevent.gif -&gt; E:\parlakov\Polonium.git\trunk\Help\Working\Output\Website\icons\pubevent.gif
C:\Program Files\Sandcastle\\Presentation\VS2005\icons\pubextension.gif -&gt; E:\parlakov\Polonium.git\trunk\Help\Working\Output\Website\icons\pubextension.gif
C:\Program Files\Sandcastle\\Presentation\VS2005\icons\pubfield.gif -&gt; E:\parlakov\Polonium.git\trunk\Help\Working\Output\Website\icons\pubfield.gif
C:\Program Files\Sandcastle\\Presentation\VS2005\icons\pubinterface.gif -&gt; E:\parlakov\Polonium.git\trunk\Help\Working\Output\Website\icons\pubinterface.gif
C:\Program Files\Sandcastle\\Presentation\VS2005\icons\pubmethod.gif -&gt; E:\parlakov\Polonium.git\trunk\Help\Working\Output\Website\icons\pubmethod.gif
C:\Program Files\Sandcastle\\Presentation\VS2005\icons\puboperator.gif -&gt; E:\parlakov\Polonium.git\trunk\Help\Working\Output\Website\icons\puboperator.gif
C:\Program Files\Sandcastle\\Presentation\VS2005\icons\pubproperty.gif -&gt; E:\parlakov\Polonium.git\trunk\Help\Working\Output\Website\icons\pubproperty.gif
C:\Program Files\Sandcastle\\Presentation\VS2005\icons\pubstructure.gif -&gt; E:\parlakov\Polonium.git\trunk\Help\Working\Output\Website\icons\pubstructure.gif
C:\Program Files\Sandcastle\\Presentation\VS2005\icons\requirements1a.gif -&gt; E:\parlakov\Polonium.git\trunk\Help\Working\Output\Website\icons\requirements1a.gif
C:\Program Files\Sandcastle\\Presentation\VS2005\icons\requirements1c.gif -&gt; E:\parlakov\Polonium.git\trunk\Help\Working\Output\Website\icons\requirements1c.gif
C:\Program Files\Sandcastle\\Presentation\VS2005\icons\save.gif -&gt; E:\parlakov\Polonium.git\trunk\Help\Working\Output\Website\icons\save.gif
C:\Program Files\Sandcastle\\Presentation\VS2005\icons\save_hover.gif -&gt; E:\parlakov\Polonium.git\trunk\Help\Working\Output\Website\icons\save_hover.gif
C:\Program Files\Sandcastle\\Presentation\VS2005\icons\security.gif -&gt; E:\parlakov\Polonium.git\trunk\Help\Working\Output\Website\icons\security.gif
C:\Program Files\Sandcastle\\Presentation\VS2005\icons\seealso1a.gif -&gt; E:\parlakov\Polonium.git\trunk\Help\Working\Output\Website\icons\seealso1a.gif
C:\Program Files\Sandcastle\\Presentation\VS2005\icons\seealso1c.gif -&gt; E:\parlakov\Polonium.git\trunk\Help\Working\Output\Website\icons\seealso1c.gif
C:\Program Files\Sandcastle\\Presentation\VS2005\icons\slMobile.gif -&gt; E:\parlakov\Polonium.git\trunk\Help\Working\Output\Website\icons\slMobile.gif
C:\Program Files\Sandcastle\\Presentation\VS2005\icons\static.gif -&gt; E:\parlakov\Polonium.git\trunk\Help\Working\Output\Website\icons\static.gif
C:\Program Files\Sandcastle\\Presentation\VS2005\icons\xna.gif -&gt; E:\parlakov\Polonium.git\trunk\Help\Working\Output\Website\icons\xna.gif
C:\Program Files\Sandcastle\\Presentation\VS2005\scripts\CheckboxMenu.js -&gt; E:\parlakov\Polonium.git\trunk\Help\Working\Output\Website\scripts\CheckboxMenu.js
C:\Program Files\Sandcastle\\Presentation\VS2005\scripts\CommonUtilities.js -&gt; E:\parlakov\Polonium.git\trunk\Help\Working\Output\Website\scripts\CommonUtilities.js
C:\Program Files\Sandcastle\\Presentation\VS2005\scripts\Dropdown.js -&gt; E:\parlakov\Polonium.git\trunk\Help\Working\Output\Website\scripts\Dropdown.js
C:\Program Files\Sandcastle\\Presentation\VS2005\scripts\EventUtilities.js -&gt; E:\parlakov\Polonium.git\trunk\Help\Working\Output\Website\scripts\EventUtilities.js
C:\Program Files\Sandcastle\\Presentation\VS2005\scripts\script_feedBack.js -&gt; E:\parlakov\Polonium.git\trunk\Help\Working\Output\Website\scripts\script_feedBack.js
C:\Program Files\Sandcastle\\Presentation\VS2005\scripts\script_manifold.js -&gt; E:\parlakov\Polonium.git\trunk\Help\Working\Output\Website\scripts\script_manifold.js
C:\Program Files\Sandcastle\\Presentation\VS2005\scripts\SplitScreen.js -&gt; E:\parlakov\Polonium.git\trunk\Help\Working\Output\Website\scripts\SplitScreen.js
C:\Program Files\Sandcastle\\Presentation\VS2005\styles\Presentation.css -&gt; E:\parlakov\Polonium.git\trunk\Help\Working\Output\Website\styles\Presentation.css
C:\Program Files\Sandcastle\\Presentation\VS2005\styles\Whidbey\Presentation.css -&gt; E:\parlakov\Polonium.git\trunk\Help\Working\Output\Website\styles\Whidbey\Presentation.css
    Last step completed in 00:00:00.2080
</buildStep>
<buildStep step="CopyAdditionalContent">
Copying additional content files...
No additional content to copy
    Last step completed in 00:00:00.0010
</buildStep>
<buildStep step="MergeTablesOfContents">
Merging conceptual and additional tables of contents...
    Last step completed in 00:00:00.0010
</buildStep>
<buildStep step="GenerateIntermediateTableOfContents">
Generating intermediate table of contents file...
[C:\Windows\Microsoft.NET\Framework\v4.0.30319\MSBuild.exe]
  XslTransform (v2.7.3.0)
  Copyright c 2006-2013, Microsoft Corporation, All Rights Reserved.
  Portions Copyright c 2006-2013, Eric Woodruff, All Rights Reserved.
  Info: Applying XSL transformation &#39;C:\Program Files\Sandcastle\\ProductionTransforms\CreateVSToc.xsl&#39;.
Generating conceptual content intermediate TOC file...
    Last step completed in 00:00:00.3724
</buildStep>
<buildStep step="CreateBuildAssemblerConfigs">
Creating Sandcastle configuration files...
    sandcastle.config
    Last step completed in 00:00:00.2028
</buildStep>
<buildStep step="MergeCustomConfigs">
Merging custom build component configurations
E:\parlakov\Polonium.git\trunk\Help\Working\sandcastle.config
    Last step completed in 00:00:00.0780
</buildStep>
<buildStep step="BuildReferenceTopics">
Building reference help topics...
[C:\Windows\Microsoft.NET\Framework\v4.0.30319\MSBuild.exe]
  BuildAssembler (v2.7.3.0)
  Copyright c 2006-2013, Microsoft Corporation, All Rights Reserved.
  Portions Copyright c 2006-2013, Eric Woodruff, All Rights Reserved.
  Info: Loading configuration...
  Info: Processing topics...
  Warn: ShowMissingComponent: [N:Minesweeper] Missing &lt;summary&gt; documentation
  Warn: ShowMissingComponent: [M:Minesweeper.MinesweeperMain.Main(System.String[])] Missing &lt;param name=&quot;args&quot;/&gt; documentation
  Warn: ShowMissingComponent: [P:Minesweeper.ScoreRecord.PersonName] Missing &lt;summary&gt; documentation
  Warn: ShowMissingComponent: [P:Minesweeper.ScoreRecord.ScorePoints] Missing &lt;summary&gt; documentation
  Info: Processed 13 topic(s)
  Info: 4 warning(s)
  Diagnostic: CopyFromIndexComponent: &quot;reflection&quot; in-memory cache entries used: 2 of 15.
  Diagnostic: CopyFromIndexComponent: &quot;comments&quot; in-memory cache entries used: 2 of 30.
    Last step completed in 00:00:30.1478
</buildStep>
<buildStep step="CombiningIntermediateTocFiles">
Combining conceptual and API intermediate TOC files...

Clearing any prior web output
    Last step completed in 00:00:00.0290
</buildStep>
<buildStep step="ExtractingHtmlInfo">
Extracting HTML info for HTML Help 1 and/or website...
[C:\Windows\Microsoft.NET\Framework\v4.0.30319\MSBuild.exe]
Sandcastle Help File Builder, version 1.9.7.0
Copyright c 2006-2013, Eric Woodruff, All Rights Reserved
E-Mail: Eric@EWoodruff.us

Using LCID &#39;1033&#39;, code page &#39;65001&#39;, encoding charset &#39;UTF-8&#39;.

Processing website files in E:\parlakov\Polonium.git\trunk\Help\Working\Output\Website
Processed 13 HTML files
Sorting keywords and generating See Also indices
Saving website keyword index to E:\parlakov\Polonium.git\trunk\Help\Working\WebKI.xml
Saving website table of contents to E:\parlakov\Polonium.git\trunk\Help\Working\WebTOC.xml
    Last step completed in 00:00:03.4196
</buildStep>
<buildStep step="GenerateHelpFormatTableOfContents">
Generating website table of contents file...
    Last step completed in 00:00:00.0010
</buildStep>
<buildStep step="GenerateFullTextIndex">
Generating full-text index for the website...

    Last step completed in 00:00:00.1970
</buildStep>
<buildStep step="CopyingWebsiteFiles">
Copying website files to output folder...

Copied 100 files
Copied 141 files for the website content
    Last step completed in 00:00:00.9652
</buildStep>
<buildStep step="CleanIntermediates">
Removing intermediate files...
    Last step completed in 00:00:00.0590
</buildStep>
<buildStep step="Completed">

Build completed successfully at 05.16.2013 07:38 .  Total time: 00:00:37.8422

</buildStep>
</shfbBuild>
